<?xml version="1.0" encoding="UTF-8"?>
<!-- Generated by org.testng.reporters.JUnitReportReporter -->
<testsuite hostname="DESKTOP-VV58H2J" failures="0" tests="1" name="driverfactory.PBDriverScript" time="11.576" errors="0" timestamp="2023-04-16T19:07:01 IST" skipped="0">
  <testcase classname="driverfactory.PBDriverScript" name="startTest" time="11.576"/>
  <system-out>
    <![CDATA[no of rows in TCsheet ::5no of rows in TSsheet::18
Login successful
New Role with id 498 Created Sucessfully
Logout Success]]>
  </system-out>
</testsuite> <!-- driverfactory.PBDriverScript -->
